Copyright 1986-2022 Xilinx, Inc. All Rights Reserved. Copyright 2022-2023 Advanced Micro Devices, Inc. All Rights Reserved.
---------------------------------------------------------------------------------------------------------------------------------------------------------------------------------------------------------------------------------
| Tool Version : Vivado v.2023.2 (win64) Build 4029153 Fri Oct 13 20:14:34 MDT 2023
| Date         : Tue May 21 15:19:18 2024
| Host         : Caesar running 64-bit major release  (build 9200)
| Command      : report_timing_summary -max_paths 10 -report_unconstrained -file counter_etaj_timing_summary_routed.rpt -pb counter_etaj_timing_summary_routed.pb -rpx counter_etaj_timing_summary_routed.rpx -warn_on_violation
| Design       : counter_etaj
| Device       : 7a100t-csg324
| Speed File   : -1  PRODUCTION 1.23 2018-06-13
| Design State : Routed
---------------------------------------------------------------------------------------------------------------------------------------------------------------------------------------------------------------------------------

Timing Summary Report

------------------------------------------------------------------------------------------------
| Timer Settings
| --------------
------------------------------------------------------------------------------------------------

  Enable Multi Corner Analysis               :  Yes
  Enable Pessimism Removal                   :  Yes
  Pessimism Removal Resolution               :  Nearest Common Node
  Enable Input Delay Default Clock           :  No
  Enable Preset / Clear Arcs                 :  No
  Disable Flight Delays                      :  No
  Ignore I/O Paths                           :  No
  Timing Early Launch at Borrowing Latches   :  No
  Borrow Time for Max Delay Exceptions       :  Yes
  Merge Timing Exceptions                    :  Yes
  Inter-SLR Compensation                     :  Conservative

  Corner  Analyze    Analyze    
  Name    Max Paths  Min Paths  
  ------  ---------  ---------  
  Slow    Yes        Yes        
  Fast    Yes        Yes        


------------------------------------------------------------------------------------------------
| Report Methodology
| ------------------
------------------------------------------------------------------------------------------------

Rule       Severity          Description                  Violations  
---------  ----------------  ---------------------------  ----------  
TIMING-17  Critical Warning  Non-clocked sequential cell  4           

Note: This report is based on the most recent report_methodology run and may not be up-to-date. Run report_methodology on the current design for the latest report.



check_timing report

Table of Contents
-----------------
1. checking no_clock (4)
2. checking constant_clock (0)
3. checking pulse_width_clock (0)
4. checking unconstrained_internal_endpoints (8)
5. checking no_input_delay (7)
6. checking no_output_delay (4)
7. checking multiple_clock (0)
8. checking generated_clocks (0)
9. checking loops (0)
10. checking partial_input_delay (0)
11. checking partial_output_delay (0)
12. checking latch_loops (0)

1. checking no_clock (4)
------------------------
 There are 4 register/latch pins with no clock driven by root clock pin: clk (HIGH)


2. checking constant_clock (0)
------------------------------
 There are 0 register/latch pins with constant_clock.


3. checking pulse_width_clock (0)
---------------------------------
 There are 0 register/latch pins which need pulse_width check


4. checking unconstrained_internal_endpoints (8)
------------------------------------------------
 There are 8 pins that are not constrained for maximum delay. (HIGH)

 There are 0 pins that are not constrained for maximum delay due to constant clock.


5. checking no_input_delay (7)
------------------------------
 There are 7 input ports with no input delay specified. (HIGH)

 There are 0 input ports with no input delay but user has a false path constraint.


6. checking no_output_delay (4)
-------------------------------
 There are 4 ports with no output delay specified. (HIGH)

 There are 0 ports with no output delay but user has a false path constraint

 There are 0 ports with no output delay but with a timing clock defined on it or propagating through it


7. checking multiple_clock (0)
------------------------------
 There are 0 register/latch pins with multiple clocks.


8. checking generated_clocks (0)
--------------------------------
 There are 0 generated clocks that are not connected to a clock source.


9. checking loops (0)
---------------------
 There are 0 combinational loops in the design.


10. checking partial_input_delay (0)
------------------------------------
 There are 0 input ports with partial input delay specified.


11. checking partial_output_delay (0)
-------------------------------------
 There are 0 ports with partial output delay specified.


12. checking latch_loops (0)
----------------------------
 There are 0 combinational latch loops in the design through latch input



------------------------------------------------------------------------------------------------
| Design Timing Summary
| ---------------------
------------------------------------------------------------------------------------------------

    WNS(ns)      TNS(ns)  TNS Failing Endpoints  TNS Total Endpoints      WHS(ns)      THS(ns)  THS Failing Endpoints  THS Total Endpoints     WPWS(ns)     TPWS(ns)  TPWS Failing Endpoints  TPWS Total Endpoints  
    -------      -------  ---------------------  -------------------      -------      -------  ---------------------  -------------------     --------     --------  ----------------------  --------------------  
        inf        0.000                      0                   12          inf        0.000                      0                   12           NA           NA                      NA                    NA  


There are no user specified timing constraints.


------------------------------------------------------------------------------------------------
| Clock Summary
| -------------
------------------------------------------------------------------------------------------------


------------------------------------------------------------------------------------------------
| Intra Clock Table
| -----------------
------------------------------------------------------------------------------------------------

Clock             WNS(ns)      TNS(ns)  TNS Failing Endpoints  TNS Total Endpoints      WHS(ns)      THS(ns)  THS Failing Endpoints  THS Total Endpoints     WPWS(ns)     TPWS(ns)  TPWS Failing Endpoints  TPWS Total Endpoints  
-----             -------      -------  ---------------------  -------------------      -------      -------  ---------------------  -------------------     --------     --------  ----------------------  --------------------  


------------------------------------------------------------------------------------------------
| Inter Clock Table
| -----------------
------------------------------------------------------------------------------------------------

From Clock    To Clock          WNS(ns)      TNS(ns)  TNS Failing Endpoints  TNS Total Endpoints      WHS(ns)      THS(ns)  THS Failing Endpoints  THS Total Endpoints  
----------    --------          -------      -------  ---------------------  -------------------      -------      -------  ---------------------  -------------------  


------------------------------------------------------------------------------------------------
| Other Path Groups Table
| -----------------------
------------------------------------------------------------------------------------------------

Path Group    From Clock    To Clock          WNS(ns)      TNS(ns)  TNS Failing Endpoints  TNS Total Endpoints      WHS(ns)      THS(ns)  THS Failing Endpoints  THS Total Endpoints  
----------    ----------    --------          -------      -------  ---------------------  -------------------      -------      -------  ---------------------  -------------------  


------------------------------------------------------------------------------------------------
| User Ignored Path Table
| -----------------------
------------------------------------------------------------------------------------------------

Path Group    From Clock    To Clock    
----------    ----------    --------    


------------------------------------------------------------------------------------------------
| Unconstrained Path Table
| ------------------------
------------------------------------------------------------------------------------------------

Path Group    From Clock    To Clock    
----------    ----------    --------    
(none)                                    


------------------------------------------------------------------------------------------------
| Timing Details
| --------------
------------------------------------------------------------------------------------------------


--------------------------------------------------------------------------------------
Path Group:  (none)
From Clock:  
  To Clock:  

Max Delay            12 Endpoints
Min Delay            12 Endpoints
--------------------------------------------------------------------------------------


Max Delay Paths
--------------------------------------------------------------------------------------
Slack:                    inf
  Source:                 et_next_reg[2]/C
                            (rising edge-triggered cell FDRE)
  Destination:            d_out[2]
                            (output port)
  Path Group:             (none)
  Path Type:              Max at Slow Process Corner
  Data Path Delay:        6.820ns  (logic 4.147ns (60.803%)  route 2.673ns (39.197%))
  Logic Levels:           2  (FDRE=1 OBUF=1)

    Location             Delay type                Incr(ns)  Path(ns)    Netlist Resource(s)
  -------------------------------------------------------------------    -------------------
    SLICE_X0Y87          FDRE                         0.000     0.000 r  et_next_reg[2]/C
    SLICE_X0Y87          FDRE (Prop_fdre_C_Q)         0.419     0.419 r  et_next_reg[2]/Q
                         net (fo=1, routed)           2.673     3.092    d_out_OBUF[2]
    J13                  OBUF (Prop_obuf_I_O)         3.728     6.820 r  d_out_OBUF[2]_inst/O
                         net (fo=0)                   0.000     6.820    d_out[2]
    J13                                                               r  d_out[2] (OUT)
  -------------------------------------------------------------------    -------------------

Slack:                    inf
  Source:                 et_next_reg[1]/C
                            (rising edge-triggered cell FDRE)
  Destination:            d_out[1]
                            (output port)
  Path Group:             (none)
  Path Type:              Max at Slow Process Corner
  Data Path Delay:        6.101ns  (logic 3.991ns (65.415%)  route 2.110ns (34.585%))
  Logic Levels:           2  (FDRE=1 OBUF=1)

    Location             Delay type                Incr(ns)  Path(ns)    Netlist Resource(s)
  -------------------------------------------------------------------    -------------------
    SLICE_X0Y87          FDRE                         0.000     0.000 r  et_next_reg[1]/C
    SLICE_X0Y87          FDRE (Prop_fdre_C_Q)         0.456     0.456 r  et_next_reg[1]/Q
                         net (fo=1, routed)           2.110     2.566    d_out_OBUF[1]
    K15                  OBUF (Prop_obuf_I_O)         3.535     6.101 r  d_out_OBUF[1]_inst/O
                         net (fo=0)                   0.000     6.101    d_out[1]
    K15                                                               r  d_out[1] (OUT)
  -------------------------------------------------------------------    -------------------

Slack:                    inf
  Source:                 et_next_reg[0]/C
                            (rising edge-triggered cell FDRE)
  Destination:            d_out[0]
                            (output port)
  Path Group:             (none)
  Path Type:              Max at Slow Process Corner
  Data Path Delay:        6.040ns  (logic 3.976ns (65.834%)  route 2.064ns (34.166%))
  Logic Levels:           2  (FDRE=1 OBUF=1)

    Location             Delay type                Incr(ns)  Path(ns)    Netlist Resource(s)
  -------------------------------------------------------------------    -------------------
    SLICE_X0Y101         FDRE                         0.000     0.000 r  et_next_reg[0]/C
    SLICE_X0Y101         FDRE (Prop_fdre_C_Q)         0.456     0.456 r  et_next_reg[0]/Q
                         net (fo=1, routed)           2.064     2.520    d_out_OBUF[0]
    H17                  OBUF (Prop_obuf_I_O)         3.520     6.040 r  d_out_OBUF[0]_inst/O
                         net (fo=0)                   0.000     6.040    d_out[0]
    H17                                                               r  d_out[0] (OUT)
  -------------------------------------------------------------------    -------------------

Slack:                    inf
  Source:                 et_next_reg[3]/C
                            (rising edge-triggered cell FDRE)
  Destination:            d_out[3]
                            (output port)
  Path Group:             (none)
  Path Type:              Max at Slow Process Corner
  Data Path Delay:        5.721ns  (logic 4.007ns (70.032%)  route 1.714ns (29.968%))
  Logic Levels:           2  (FDRE=1 OBUF=1)

    Location             Delay type                Incr(ns)  Path(ns)    Netlist Resource(s)
  -------------------------------------------------------------------    -------------------
    SLICE_X0Y87          FDRE                         0.000     0.000 r  et_next_reg[3]/C
    SLICE_X0Y87          FDRE (Prop_fdre_C_Q)         0.456     0.456 r  et_next_reg[3]/Q
                         net (fo=1, routed)           1.714     2.170    d_out_OBUF[3]
    N14                  OBUF (Prop_obuf_I_O)         3.551     5.721 r  d_out_OBUF[3]_inst/O
                         net (fo=0)                   0.000     5.721    d_out[3]
    N14                                                               r  d_out[3] (OUT)
  -------------------------------------------------------------------    -------------------

Slack:                    inf
  Source:                 en
                            (input port)
  Destination:            et_next_reg[0]/CE
  Path Group:             (none)
  Path Type:              Max at Slow Process Corner
  Data Path Delay:        4.694ns  (logic 1.648ns (35.110%)  route 3.046ns (64.890%))
  Logic Levels:           2  (IBUF=1 LUT3=1)

    Location             Delay type                Incr(ns)  Path(ns)    Netlist Resource(s)
  -------------------------------------------------------------------    -------------------
    V10                                               0.000     0.000 r  en (IN)
                         net (fo=0)                   0.000     0.000    en
    V10                  IBUF (Prop_ibuf_I_O)         1.524     1.524 r  en_IBUF_inst/O
                         net (fo=1, routed)           2.142     3.667    en_IBUF
    SLICE_X0Y87          LUT3 (Prop_lut3_I0_O)        0.124     3.791 r  et_next[3]_i_1/O
                         net (fo=4, routed)           0.904     4.694    et_next0
    SLICE_X0Y101         FDRE                                         r  et_next_reg[0]/CE
  -------------------------------------------------------------------    -------------------

Slack:                    inf
  Source:                 en
                            (input port)
  Destination:            et_next_reg[1]/CE
  Path Group:             (none)
  Path Type:              Max at Slow Process Corner
  Data Path Delay:        3.993ns  (logic 1.648ns (41.275%)  route 2.345ns (58.725%))
  Logic Levels:           2  (IBUF=1 LUT3=1)

    Location             Delay type                Incr(ns)  Path(ns)    Netlist Resource(s)
  -------------------------------------------------------------------    -------------------
    V10                                               0.000     0.000 r  en (IN)
                         net (fo=0)                   0.000     0.000    en
    V10                  IBUF (Prop_ibuf_I_O)         1.524     1.524 r  en_IBUF_inst/O
                         net (fo=1, routed)           2.142     3.667    en_IBUF
    SLICE_X0Y87          LUT3 (Prop_lut3_I0_O)        0.124     3.791 r  et_next[3]_i_1/O
                         net (fo=4, routed)           0.203     3.993    et_next0
    SLICE_X0Y87          FDRE                                         r  et_next_reg[1]/CE
  -------------------------------------------------------------------    -------------------

Slack:                    inf
  Source:                 en
                            (input port)
  Destination:            et_next_reg[2]/CE
  Path Group:             (none)
  Path Type:              Max at Slow Process Corner
  Data Path Delay:        3.993ns  (logic 1.648ns (41.275%)  route 2.345ns (58.725%))
  Logic Levels:           2  (IBUF=1 LUT3=1)

    Location             Delay type                Incr(ns)  Path(ns)    Netlist Resource(s)
  -------------------------------------------------------------------    -------------------
    V10                                               0.000     0.000 r  en (IN)
                         net (fo=0)                   0.000     0.000    en
    V10                  IBUF (Prop_ibuf_I_O)         1.524     1.524 r  en_IBUF_inst/O
                         net (fo=1, routed)           2.142     3.667    en_IBUF
    SLICE_X0Y87          LUT3 (Prop_lut3_I0_O)        0.124     3.791 r  et_next[3]_i_1/O
                         net (fo=4, routed)           0.203     3.993    et_next0
    SLICE_X0Y87          FDRE                                         r  et_next_reg[2]/CE
  -------------------------------------------------------------------    -------------------

Slack:                    inf
  Source:                 en
                            (input port)
  Destination:            et_next_reg[3]/CE
  Path Group:             (none)
  Path Type:              Max at Slow Process Corner
  Data Path Delay:        3.993ns  (logic 1.648ns (41.275%)  route 2.345ns (58.725%))
  Logic Levels:           2  (IBUF=1 LUT3=1)

    Location             Delay type                Incr(ns)  Path(ns)    Netlist Resource(s)
  -------------------------------------------------------------------    -------------------
    V10                                               0.000     0.000 r  en (IN)
                         net (fo=0)                   0.000     0.000    en
    V10                  IBUF (Prop_ibuf_I_O)         1.524     1.524 r  en_IBUF_inst/O
                         net (fo=1, routed)           2.142     3.667    en_IBUF
    SLICE_X0Y87          LUT3 (Prop_lut3_I0_O)        0.124     3.791 r  et_next[3]_i_1/O
                         net (fo=4, routed)           0.203     3.993    et_next0
    SLICE_X0Y87          FDRE                                         r  et_next_reg[3]/CE
  -------------------------------------------------------------------    -------------------

Slack:                    inf
  Source:                 sens[1]
                            (input port)
  Destination:            et_next_reg[2]/D
  Path Group:             (none)
  Path Type:              Max at Slow Process Corner
  Data Path Delay:        3.927ns  (logic 1.646ns (41.922%)  route 2.281ns (58.078%))
  Logic Levels:           2  (IBUF=1 LUT5=1)

    Location             Delay type                Incr(ns)  Path(ns)    Netlist Resource(s)
  -------------------------------------------------------------------    -------------------
    U18                                               0.000     0.000 r  sens[1] (IN)
                         net (fo=0)                   0.000     0.000    sens[1]
    U18                  IBUF (Prop_ibuf_I_O)         1.494     1.494 r  sens_IBUF[1]_inst/O
                         net (fo=4, routed)           2.281     3.775    sens_IBUF[1]
    SLICE_X0Y87          LUT5 (Prop_lut5_I2_O)        0.152     3.927 r  et_next[2]_i_1/O
                         net (fo=1, routed)           0.000     3.927    et_next[2]_i_1_n_0
    SLICE_X0Y87          FDRE                                         r  et_next_reg[2]/D
  -------------------------------------------------------------------    -------------------

Slack:                    inf
  Source:                 sens[1]
                            (input port)
  Destination:            et_next_reg[1]/D
  Path Group:             (none)
  Path Type:              Max at Slow Process Corner
  Data Path Delay:        3.899ns  (logic 1.618ns (41.505%)  route 2.281ns (58.495%))
  Logic Levels:           2  (IBUF=1 LUT4=1)

    Location             Delay type                Incr(ns)  Path(ns)    Netlist Resource(s)
  -------------------------------------------------------------------    -------------------
    U18                                               0.000     0.000 r  sens[1] (IN)
                         net (fo=0)                   0.000     0.000    sens[1]
    U18                  IBUF (Prop_ibuf_I_O)         1.494     1.494 r  sens_IBUF[1]_inst/O
                         net (fo=4, routed)           2.281     3.775    sens_IBUF[1]
    SLICE_X0Y87          LUT4 (Prop_lut4_I2_O)        0.124     3.899 r  et_next[1]_i_1/O
                         net (fo=1, routed)           0.000     3.899    et_next[1]_i_1_n_0
    SLICE_X0Y87          FDRE                                         r  et_next_reg[1]/D
  -------------------------------------------------------------------    -------------------





Min Delay Paths
--------------------------------------------------------------------------------------
Slack:                    inf
  Source:                 d_in[2]
                            (input port)
  Destination:            et_next_reg[2]/D
  Path Group:             (none)
  Path Type:              Min at Fast Process Corner
  Data Path Delay:        0.648ns  (logic 0.301ns (46.417%)  route 0.347ns (53.583%))
  Logic Levels:           2  (IBUF=1 LUT5=1)

    Location             Delay type                Incr(ns)  Path(ns)    Netlist Resource(s)
  -------------------------------------------------------------------    -------------------
    M13                                               0.000     0.000 r  d_in[2] (IN)
                         net (fo=0)                   0.000     0.000    d_in[2]
    M13                  IBUF (Prop_ibuf_I_O)         0.253     0.253 r  d_in_IBUF[2]_inst/O
                         net (fo=2, routed)           0.347     0.600    d_in_IBUF[2]
    SLICE_X0Y87          LUT5 (Prop_lut5_I3_O)        0.048     0.648 r  et_next[2]_i_1/O
                         net (fo=1, routed)           0.000     0.648    et_next[2]_i_1_n_0
    SLICE_X0Y87          FDRE                                         r  et_next_reg[2]/D
  -------------------------------------------------------------------    -------------------

Slack:                    inf
  Source:                 d_in[2]
                            (input port)
  Destination:            et_next_reg[3]/D
  Path Group:             (none)
  Path Type:              Min at Fast Process Corner
  Data Path Delay:        0.707ns  (logic 0.298ns (42.166%)  route 0.409ns (57.834%))
  Logic Levels:           2  (IBUF=1 LUT6=1)

    Location             Delay type                Incr(ns)  Path(ns)    Netlist Resource(s)
  -------------------------------------------------------------------    -------------------
    M13                                               0.000     0.000 r  d_in[2] (IN)
                         net (fo=0)                   0.000     0.000    d_in[2]
    M13                  IBUF (Prop_ibuf_I_O)         0.253     0.253 r  d_in_IBUF[2]_inst/O
                         net (fo=2, routed)           0.409     0.662    d_in_IBUF[2]
    SLICE_X0Y87          LUT6 (Prop_lut6_I5_O)        0.045     0.707 r  et_next[3]_i_2/O
                         net (fo=1, routed)           0.000     0.707    et_next[3]_i_2_n_0
    SLICE_X0Y87          FDRE                                         r  et_next_reg[3]/D
  -------------------------------------------------------------------    -------------------

Slack:                    inf
  Source:                 d_in[0]
                            (input port)
  Destination:            et_next_reg[0]/D
  Path Group:             (none)
  Path Type:              Min at Fast Process Corner
  Data Path Delay:        0.714ns  (logic 0.290ns (40.695%)  route 0.423ns (59.305%))
  Logic Levels:           2  (IBUF=1 LUT1=1)

    Location             Delay type                Incr(ns)  Path(ns)    Netlist Resource(s)
  -------------------------------------------------------------------    -------------------
    J15                                               0.000     0.000 f  d_in[0] (IN)
                         net (fo=0)                   0.000     0.000    d_in[0]
    J15                  IBUF (Prop_ibuf_I_O)         0.245     0.245 f  d_in_IBUF[0]_inst/O
                         net (fo=4, routed)           0.423     0.669    d_in_IBUF[0]
    SLICE_X0Y101         LUT1 (Prop_lut1_I0_O)        0.045     0.714 r  et_next[0]_i_1/O
                         net (fo=1, routed)           0.000     0.714    et_next[0]_i_1_n_0
    SLICE_X0Y101         FDRE                                         r  et_next_reg[0]/D
  -------------------------------------------------------------------    -------------------

Slack:                    inf
  Source:                 sens[0]
                            (input port)
  Destination:            et_next_reg[1]/D
  Path Group:             (none)
  Path Type:              Min at Fast Process Corner
  Data Path Delay:        0.779ns  (logic 0.310ns (39.778%)  route 0.469ns (60.222%))
  Logic Levels:           2  (IBUF=1 LUT4=1)

    Location             Delay type                Incr(ns)  Path(ns)    Netlist Resource(s)
  -------------------------------------------------------------------    -------------------
    T18                                               0.000     0.000 r  sens[0] (IN)
                         net (fo=0)                   0.000     0.000    sens[0]
    T18                  IBUF (Prop_ibuf_I_O)         0.265     0.265 r  sens_IBUF[0]_inst/O
                         net (fo=4, routed)           0.469     0.734    sens_IBUF[0]
    SLICE_X0Y87          LUT4 (Prop_lut4_I1_O)        0.045     0.779 r  et_next[1]_i_1/O
                         net (fo=1, routed)           0.000     0.779    et_next[1]_i_1_n_0
    SLICE_X0Y87          FDRE                                         r  et_next_reg[1]/D
  -------------------------------------------------------------------    -------------------

Slack:                    inf
  Source:                 sens[0]
                            (input port)
  Destination:            et_next_reg[1]/CE
  Path Group:             (none)
  Path Type:              Min at Fast Process Corner
  Data Path Delay:        0.905ns  (logic 0.310ns (34.270%)  route 0.595ns (65.730%))
  Logic Levels:           2  (IBUF=1 LUT3=1)

    Location             Delay type                Incr(ns)  Path(ns)    Netlist Resource(s)
  -------------------------------------------------------------------    -------------------
    T18                                               0.000     0.000 r  sens[0] (IN)
                         net (fo=0)                   0.000     0.000    sens[0]
    T18                  IBUF (Prop_ibuf_I_O)         0.265     0.265 r  sens_IBUF[0]_inst/O
                         net (fo=4, routed)           0.526     0.791    sens_IBUF[0]
    SLICE_X0Y87          LUT3 (Prop_lut3_I1_O)        0.045     0.836 r  et_next[3]_i_1/O
                         net (fo=4, routed)           0.069     0.905    et_next0
    SLICE_X0Y87          FDRE                                         r  et_next_reg[1]/CE
  -------------------------------------------------------------------    -------------------

Slack:                    inf
  Source:                 sens[0]
                            (input port)
  Destination:            et_next_reg[2]/CE
  Path Group:             (none)
  Path Type:              Min at Fast Process Corner
  Data Path Delay:        0.905ns  (logic 0.310ns (34.270%)  route 0.595ns (65.730%))
  Logic Levels:           2  (IBUF=1 LUT3=1)

    Location             Delay type                Incr(ns)  Path(ns)    Netlist Resource(s)
  -------------------------------------------------------------------    -------------------
    T18                                               0.000     0.000 r  sens[0] (IN)
                         net (fo=0)                   0.000     0.000    sens[0]
    T18                  IBUF (Prop_ibuf_I_O)         0.265     0.265 r  sens_IBUF[0]_inst/O
                         net (fo=4, routed)           0.526     0.791    sens_IBUF[0]
    SLICE_X0Y87          LUT3 (Prop_lut3_I1_O)        0.045     0.836 r  et_next[3]_i_1/O
                         net (fo=4, routed)           0.069     0.905    et_next0
    SLICE_X0Y87          FDRE                                         r  et_next_reg[2]/CE
  -------------------------------------------------------------------    -------------------

Slack:                    inf
  Source:                 sens[0]
                            (input port)
  Destination:            et_next_reg[3]/CE
  Path Group:             (none)
  Path Type:              Min at Fast Process Corner
  Data Path Delay:        0.905ns  (logic 0.310ns (34.270%)  route 0.595ns (65.730%))
  Logic Levels:           2  (IBUF=1 LUT3=1)

    Location             Delay type                Incr(ns)  Path(ns)    Netlist Resource(s)
  -------------------------------------------------------------------    -------------------
    T18                                               0.000     0.000 r  sens[0] (IN)
                         net (fo=0)                   0.000     0.000    sens[0]
    T18                  IBUF (Prop_ibuf_I_O)         0.265     0.265 r  sens_IBUF[0]_inst/O
                         net (fo=4, routed)           0.526     0.791    sens_IBUF[0]
    SLICE_X0Y87          LUT3 (Prop_lut3_I1_O)        0.045     0.836 r  et_next[3]_i_1/O
                         net (fo=4, routed)           0.069     0.905    et_next0
    SLICE_X0Y87          FDRE                                         r  et_next_reg[3]/CE
  -------------------------------------------------------------------    -------------------

Slack:                    inf
  Source:                 sens[0]
                            (input port)
  Destination:            et_next_reg[0]/CE
  Path Group:             (none)
  Path Type:              Min at Fast Process Corner
  Data Path Delay:        1.164ns  (logic 0.310ns (26.641%)  route 0.854ns (73.359%))
  Logic Levels:           2  (IBUF=1 LUT3=1)

    Location             Delay type                Incr(ns)  Path(ns)    Netlist Resource(s)
  -------------------------------------------------------------------    -------------------
    T18                                               0.000     0.000 r  sens[0] (IN)
                         net (fo=0)                   0.000     0.000    sens[0]
    T18                  IBUF (Prop_ibuf_I_O)         0.265     0.265 r  sens_IBUF[0]_inst/O
                         net (fo=4, routed)           0.526     0.791    sens_IBUF[0]
    SLICE_X0Y87          LUT3 (Prop_lut3_I1_O)        0.045     0.836 r  et_next[3]_i_1/O
                         net (fo=4, routed)           0.328     1.164    et_next0
    SLICE_X0Y101         FDRE                                         r  et_next_reg[0]/CE
  -------------------------------------------------------------------    -------------------

Slack:                    inf
  Source:                 et_next_reg[3]/C
                            (rising edge-triggered cell FDRE)
  Destination:            d_out[3]
                            (output port)
  Path Group:             (none)
  Path Type:              Min at Fast Process Corner
  Data Path Delay:        1.752ns  (logic 1.392ns (79.480%)  route 0.359ns (20.520%))
  Logic Levels:           2  (FDRE=1 OBUF=1)

    Location             Delay type                Incr(ns)  Path(ns)    Netlist Resource(s)
  -------------------------------------------------------------------    -------------------
    SLICE_X0Y87          FDRE                         0.000     0.000 r  et_next_reg[3]/C
    SLICE_X0Y87          FDRE (Prop_fdre_C_Q)         0.141     0.141 r  et_next_reg[3]/Q
                         net (fo=1, routed)           0.359     0.500    d_out_OBUF[3]
    N14                  OBUF (Prop_obuf_I_O)         1.251     1.752 r  d_out_OBUF[3]_inst/O
                         net (fo=0)                   0.000     1.752    d_out[3]
    N14                                                               r  d_out[3] (OUT)
  -------------------------------------------------------------------    -------------------

Slack:                    inf
  Source:                 et_next_reg[0]/C
                            (rising edge-triggered cell FDRE)
  Destination:            d_out[0]
                            (output port)
  Path Group:             (none)
  Path Type:              Min at Fast Process Corner
  Data Path Delay:        1.851ns  (logic 1.362ns (73.601%)  route 0.489ns (26.399%))
  Logic Levels:           2  (FDRE=1 OBUF=1)

    Location             Delay type                Incr(ns)  Path(ns)    Netlist Resource(s)
  -------------------------------------------------------------------    -------------------
    SLICE_X0Y101         FDRE                         0.000     0.000 r  et_next_reg[0]/C
    SLICE_X0Y101         FDRE (Prop_fdre_C_Q)         0.141     0.141 r  et_next_reg[0]/Q
                         net (fo=1, routed)           0.489     0.630    d_out_OBUF[0]
    H17                  OBUF (Prop_obuf_I_O)         1.221     1.851 r  d_out_OBUF[0]_inst/O
                         net (fo=0)                   0.000     1.851    d_out[0]
    H17                                                               r  d_out[0] (OUT)
  -------------------------------------------------------------------    -------------------





